<?xml version="1.0" encoding="UTF-8"?>
<!-- Generated by org.testng.reporters.JUnitReportReporter -->
<testsuite name="practice.RdioButton" tests="1" time="18.213" ignored="0" failures="0" timestamp="13 May 2021 08:03:46 GMT" skipped="0" hostname="DESKTOP-FEQLGE3" errors="0">
  <testcase name="testRadbutton" time="18.213" classname="practice.RdioButton"/>
</testsuite> <!-- practice.RdioButton -->
