<?xml version="1.0" encoding="UTF-8"?>
<!-- Generated by org.testng.reporters.JUnitReportReporter -->
<testsuite name="practice.Alrt" tests="1" time="7.344" ignored="0" failures="0" timestamp="13 May 2021 09:56:20 GMT" skipped="0" hostname="DESKTOP-FEQLGE3" errors="0">
  <testcase name="drpdown" time="7.344" classname="practice.Alrt"/>
</testsuite> <!-- practice.Alrt -->
