<?xml version="1.0" encoding="UTF-8"?>
<!-- Generated by org.testng.reporters.JUnitReportReporter -->
<testsuite name="Testng.TestNgClass" tests="2" time="0.021" ignored="1" failures="0" timestamp="12 May 2021 11:24:27 GMT" skipped="0" hostname="DESKTOP-FEQLGE3" errors="0">
  <testcase name="testCase1" time="0.019" classname="Testng.TestNgClass"/>
  <testcase name="testCase2" time="0.002" classname="Testng.TestNgClass"/>
  <testcase name="testCase3" classname="Testng.TestNgClass">
    <skipped/>
  </testcase> <!-- testCase3 -->
</testsuite> <!-- Testng.TestNgClass -->
