<?xml version="1.0" encoding="UTF-8"?>
<!-- Generated by org.testng.reporters.JUnitReportReporter -->
<testsuite name="selenium_attributes.SelAttributes" tests="6" time="0.139" ignored="1" failures="0" timestamp="13 May 2021 03:41:30 GMT" skipped="0" hostname="DESKTOP-FEQLGE3" errors="0">
  <testcase name="mango" time="0.003" classname="selenium_attributes.SelAttributes"/>
  <testcase name="watermelon" time="0.002" classname="selenium_attributes.SelAttributes"/>
  <testcase name="testcase11" time="0.123" classname="selenium_attributes.SelAttributes"/>
  <testcase name="APIStudentLogin" time="0.002" classname="selenium_attributes.SelAttributes"/>
  <testcase name="WebStudentLogin" time="0.007" classname="selenium_attributes.SelAttributes"/>
  <testcase name="testcase1" time="0.002" classname="selenium_attributes.SelAttributes"/>
  <testcase name="apple" classname="selenium_attributes.SelAttributes">
    <skipped/>
  </testcase> <!-- apple -->
</testsuite> <!-- selenium_attributes.SelAttributes -->
