<?xml version="1.0" encoding="UTF-8"?>
<!-- Generated by org.testng.reporters.JUnitReportReporter -->
<testsuite name="practice.Dropdown" tests="1" time="5.856" ignored="0" failures="0" timestamp="13 May 2021 08:13:18 GMT" skipped="0" hostname="DESKTOP-FEQLGE3" errors="0">
  <testcase name="drpdown" time="5.856" classname="practice.Dropdown"/>
</testsuite> <!-- practice.Dropdown -->
