<?xml version="1.0" encoding="UTF-8"?>
<!-- Generated by org.testng.reporters.JUnitReportReporter -->
<testsuite name="Dropdown.Alert" tests="1" time="51.059" ignored="0" failures="0" timestamp="13 May 2021 05:21:44 GMT" skipped="0" hostname="DESKTOP-FEQLGE3" errors="0">
  <testcase name="Handling_alerts" time="51.059" classname="Dropdown.Alert"/>
</testsuite> <!-- Dropdown.Alert -->
