<?xml version="1.0" encoding="UTF-8"?>
<!-- Generated by org.testng.reporters.JUnitReportReporter -->
<testsuite name="assrtions.AssrtEquals" tests="2" time="17.521" ignored="0" failures="0" timestamp="13 May 2021 10:46:41 GMT" skipped="0" hostname="DESKTOP-FEQLGE3" errors="0">
  <testcase name="assertEquals" time="0.010" classname="assrtions.AssrtEquals"/>
  <testcase name="test" time="17.511" classname="assrtions.AssrtEquals"/>
</testsuite> <!-- assrtions.AssrtEquals -->
