<?xml version="1.0" encoding="UTF-8"?>
<!-- Generated by org.testng.reporters.JUnitReportReporter -->
<testsuite name="iframe.Ifrme" tests="1" time="19.162" ignored="0" failures="0" timestamp="14 May 2021 04:00:43 GMT" skipped="0" hostname="DESKTOP-FEQLGE3" errors="0">
  <testcase name="frame" time="19.162" classname="iframe.Ifrme"/>
</testsuite> <!-- iframe.Ifrme -->
