<?xml version="1.0" encoding="UTF-8"?>
<!-- Generated by org.testng.reporters.JUnitReportReporter -->
<testsuite name="assrtions.AssrtPractice" tests="6" time="0.054" ignored="0" failures="0" timestamp="13 May 2021 10:28:16 GMT" skipped="0" hostname="DESKTOP-FEQLGE3" errors="0">
  <testcase name="assertFalse" time="0.002" classname="assrtions.AssrtPractice"/>
  <testcase name="assertNull" time="0.003" classname="assrtions.AssrtPractice"/>
  <testcase name="assertEquals" time="0.042" classname="assrtions.AssrtPractice"/>
  <testcase name="assertTrue" time="0.003" classname="assrtions.AssrtPractice"/>
  <testcase name="assertNotEquals" time="0.003" classname="assrtions.AssrtPractice"/>
  <testcase name="assertNotNull" time="0.001" classname="assrtions.AssrtPractice"/>
</testsuite> <!-- assrtions.AssrtPractice -->
